boss:	     poincare002 has joined.
worker:	     poincare003 has joined.
worker:	     poincare005 has joined.
worker:	     poincare006 has joined.
worker:	     poincare008 has joined.
worker:	     poincare010 has joined.
worker:	     poincare011 has joined.
worker:	     poincare013 has joined.
worker:	     poincare014 has joined.
worker:	     poincare015 has joined.
worker:	     poincare016 has joined.
worker:	     poincare017 has joined.
worker:	     poincare018 has joined.
worker:	     poincare019 has joined.
worker:	     poincare020 has joined.
worker:	     poincare021 has joined.
worker:	     poincare022 has joined.
worker:	     poincare024 has joined.
worker:	     poincare025 has joined.
worker:	     poincare027 has joined.
worker:	     poincare028 has joined.
worker:	     poincare030 has joined.
worker:	     poincare031 has joined.
worker:	     poincare033 has joined.
worker:	     poincare034 has joined.
worker:	     poincare035 has joined.
worker:	     poincare037 has joined.
worker:	     poincare039 has joined.
worker:	     poincare044 has joined.
worker:	     poincare053 has joined.
worker:	     poincare056 has joined.
worker:	     poincare057 has joined.
worker:	     poincare059 has joined.
worker:	     poincare060 has joined.
worker:	     poincare061 has joined.
worker:	     poincare062 has joined.
worker:	     poincare064 has joined.
worker:	     poincare065 has joined.
worker:	     poincare066 has joined.
worker:	     poincare067 has joined.
worker:	     poincare068 has joined.
worker:	     poincare070 has joined.
worker:	     poincare071 has joined.
worker:	     poincare072 has joined.
worker:	     poincare073 has joined.
worker:	     poincare074 has joined.
worker:	     poincare075 has joined.
worker:	     poincare076 has joined.
worker:	     poincare077 has joined.
worker:	     poincare078 has joined.
Ninit = 251988
iteration 1 From poincare008: count=204, remaining Mloc=204, Nloc=125994
iteration 1 From poincare075: count=204, remaining Mloc=204, Nloc=125994
iteration 1 From poincare017: count=204, remaining Mloc=204, Nloc=125994
iteration 1 From poincare035: count=204, remaining Mloc=204, Nloc=125994
iteration 1 From poincare033: count=204, remaining Mloc=204, Nloc=125994
iteration 1 From poincare039: count=204, remaining Mloc=204, Nloc=125994
iteration 1 From poincare013: count=204, remaining Mloc=204, Nloc=125994
iteration 1 From poincare053: count=204, remaining Mloc=204, Nloc=125994
iteration 1 From poincare061: count=204, remaining Mloc=204, Nloc=125994
iteration 1 From poincare015: count=204, remaining Mloc=204, Nloc=125994
iteration 1 From poincare024: count=204, remaining Mloc=204, Nloc=125994
iteration 1 From poincare078: count=204, remaining Mloc=204, Nloc=125994
iteration 1 From poincare025: count=204, remaining Mloc=204, Nloc=125994
iteration 1 From poincare027: count=204, remaining Mloc=204, Nloc=125994
iteration 1 From poincare076: count=204, remaining Mloc=204, Nloc=125994
iteration 1 From poincare014: count=204, remaining Mloc=204, Nloc=125994
iteration 1 From poincare059: count=204, remaining Mloc=204, Nloc=125994
iteration 1 From poincare006: count=204, remaining Mloc=204, Nloc=125994
iteration 1 From poincare070: count=204, remaining Mloc=204, Nloc=125994
iteration 1 From poincare011: count=204, remaining Mloc=204, Nloc=125994
iteration 1 From poincare018: count=204, remaining Mloc=204, Nloc=125994
iteration 1 From poincare057: count=204, remaining Mloc=204, Nloc=125994
iteration 1 From poincare037: count=204, remaining Mloc=204, Nloc=125994
iteration 1 From poincare021: count=204, remaining Mloc=204, Nloc=125994
iteration 1 From poincare074: count=204, remaining Mloc=204, Nloc=125994
iteration 1 From poincare020: count=204, remaining Mloc=204, Nloc=125994
iteration 1 From poincare077: count=204, remaining Mloc=204, Nloc=125994
iteration 1 From poincare060: count=204, remaining Mloc=204, Nloc=125994
iteration 1 From poincare031: count=204, remaining Mloc=204, Nloc=125994
iteration 1 From poincare003: count=204, remaining Mloc=204, Nloc=125994
iteration 1 From poincare019: count=204, remaining Mloc=204, Nloc=125994
iteration 1 From poincare071: count=204, remaining Mloc=204, Nloc=125994
iteration 1 From poincare065: count=204, remaining Mloc=204, Nloc=125994
iteration 1 From poincare016: count=204, remaining Mloc=204, Nloc=125994
iteration 1 From poincare056: count=204, remaining Mloc=204, Nloc=125994
iteration 1 From poincare073: count=204, remaining Mloc=204, Nloc=125994
iteration 1 From poincare066: count=204, remaining Mloc=204, Nloc=125994
iteration 1 From poincare034: count=204, remaining Mloc=204, Nloc=125994
iteration 1 From poincare072: count=204, remaining Mloc=204, Nloc=125994
iteration 1 From poincare010: count=204, remaining Mloc=204, Nloc=125994
iteration 1 From poincare030: count=204, remaining Mloc=204, Nloc=125994
iteration 1 From poincare005: count=204, remaining Mloc=204, Nloc=125994
iteration 1 From poincare067: count=204, remaining Mloc=204, Nloc=125994
iteration 1 From poincare062: count=204, remaining Mloc=204, Nloc=125994
iteration 1 From poincare022: count=204, remaining Mloc=204, Nloc=125994
iteration 1 From poincare064: count=204, remaining Mloc=204, Nloc=125994
iteration 1 From poincare068: count=204, remaining Mloc=204, Nloc=125994
iteration 1 From poincare028: count=204, remaining Mloc=204, Nloc=125994
iteration 1 From poincare044: count=204, remaining Mloc=204, Nloc=125994
iteration 1: N = 125994, count=10000, M=10000, prob=1.00000
iteration 2 From poincare008: count=204, remaining Mloc=194, Nloc=62997
iteration 2 From poincare078: count=204, remaining Mloc=194, Nloc=62997
iteration 2 From poincare017: count=204, remaining Mloc=194, Nloc=62997
iteration 2 From poincare035: count=204, remaining Mloc=194, Nloc=62997
iteration 2 From poincare039: count=204, remaining Mloc=194, Nloc=62997
iteration 2 From poincare075: count=204, remaining Mloc=194, Nloc=62997
iteration 2 From poincare013: count=204, remaining Mloc=194, Nloc=62997
iteration 2 From poincare061: count=204, remaining Mloc=194, Nloc=62997
iteration 2 From poincare053: count=204, remaining Mloc=194, Nloc=62997
iteration 2 From poincare033: count=204, remaining Mloc=194, Nloc=62997
iteration 2 From poincare059: count=204, remaining Mloc=194, Nloc=62997
iteration 2 From poincare024: count=204, remaining Mloc=194, Nloc=62997
iteration 2 From poincare070: count=204, remaining Mloc=194, Nloc=62997
iteration 2 From poincare006: count=204, remaining Mloc=194, Nloc=62997
iteration 2 From poincare057: count=204, remaining Mloc=194, Nloc=62997
iteration 2 From poincare015: count=204, remaining Mloc=194, Nloc=62997
iteration 2 From poincare037: count=204, remaining Mloc=194, Nloc=62997
iteration 2 From poincare020: count=204, remaining Mloc=194, Nloc=62997
iteration 2 From poincare076: count=204, remaining Mloc=194, Nloc=62997
iteration 2 From poincare014: count=204, remaining Mloc=194, Nloc=62997
iteration 2 From poincare077: count=204, remaining Mloc=194, Nloc=62997
iteration 2 From poincare027: count=204, remaining Mloc=194, Nloc=62997
iteration 2 From poincare018: count=204, remaining Mloc=194, Nloc=62997
iteration 2 From poincare025: count=204, remaining Mloc=194, Nloc=62997
iteration 2 From poincare021: count=204, remaining Mloc=194, Nloc=62997
iteration 2 From poincare022: count=204, remaining Mloc=194, Nloc=62997
iteration 2 From poincare011: count=204, remaining Mloc=194, Nloc=62997
iteration 2 From poincare065: count=204, remaining Mloc=194, Nloc=62997
iteration 2 From poincare056: count=204, remaining Mloc=194, Nloc=62997
iteration 2 From poincare003: count=204, remaining Mloc=194, Nloc=62997
iteration 2 From poincare031: count=204, remaining Mloc=194, Nloc=62997
iteration 2 From poincare073: count=204, remaining Mloc=194, Nloc=62997
iteration 2 From poincare019: count=204, remaining Mloc=194, Nloc=62997
iteration 2 From poincare074: count=204, remaining Mloc=194, Nloc=62997
iteration 2 From poincare016: count=204, remaining Mloc=194, Nloc=62997
iteration 2 From poincare072: count=204, remaining Mloc=194, Nloc=62997
iteration 2 From poincare010: count=204, remaining Mloc=194, Nloc=62997
iteration 2 From poincare060: count=204, remaining Mloc=194, Nloc=62997
iteration 2 From poincare071: count=204, remaining Mloc=194, Nloc=62997
iteration 2 From poincare030: count=204, remaining Mloc=194, Nloc=62997
iteration 2 From poincare005: count=204, remaining Mloc=194, Nloc=62997
iteration 2 From poincare034: count=204, remaining Mloc=194, Nloc=62997
iteration 2 From poincare067: count=204, remaining Mloc=194, Nloc=62997
iteration 2 From poincare062: count=204, remaining Mloc=194, Nloc=62997
iteration 2 From poincare064: count=204, remaining Mloc=194, Nloc=62997
iteration 2 From poincare066: count=204, remaining Mloc=194, Nloc=62997
iteration 2 From poincare068: count=204, remaining Mloc=194, Nloc=62997
iteration 2 From poincare044: count=204, remaining Mloc=194, Nloc=62997
iteration 2: N = 62997, count=10000, M=10000, prob=1.00000
iteration 2 From poincare028: count=204, remaining Mloc=194, Nloc=62997
iteration 3 From poincare008: count=204, remaining Mloc=194, Nloc=31498
iteration 3 From poincare078: count=204, remaining Mloc=194, Nloc=31498
iteration 3 From poincare017: count=204, remaining Mloc=194, Nloc=31498
iteration 3 From poincare013: count=204, remaining Mloc=194, Nloc=31498
iteration 3 From poincare075: count=204, remaining Mloc=194, Nloc=31498
iteration 3 From poincare039: count=204, remaining Mloc=194, Nloc=31498
iteration 3 From poincare035: count=204, remaining Mloc=194, Nloc=31498
iteration 3 From poincare061: count=204, remaining Mloc=194, Nloc=31498
iteration 3 From poincare077: count=204, remaining Mloc=194, Nloc=31498
iteration 3 From poincare059: count=204, remaining Mloc=194, Nloc=31498
iteration 3 From poincare024: count=204, remaining Mloc=194, Nloc=31498
iteration 3 From poincare033: count=204, remaining Mloc=194, Nloc=31498
iteration 3 From poincare057: count=204, remaining Mloc=194, Nloc=31498
iteration 3 From poincare053: count=204, remaining Mloc=194, Nloc=31498
iteration 3 From poincare070: count=204, remaining Mloc=194, Nloc=31498
iteration 3 From poincare020: count=204, remaining Mloc=194, Nloc=31498
iteration 3 From poincare006: count=204, remaining Mloc=194, Nloc=31498
iteration 3 From poincare037: count=204, remaining Mloc=194, Nloc=31498
iteration 3 From poincare025: count=204, remaining Mloc=194, Nloc=31498
iteration 3 From poincare027: count=204, remaining Mloc=194, Nloc=31498
iteration 3 From poincare018: count=204, remaining Mloc=194, Nloc=31498
iteration 3 From poincare076: count=204, remaining Mloc=194, Nloc=31498
iteration 3 From poincare022: count=204, remaining Mloc=194, Nloc=31498
iteration 3 From poincare015: count=204, remaining Mloc=194, Nloc=31498
iteration 3 From poincare014: count=204, remaining Mloc=194, Nloc=31498
iteration 3 From poincare003: count=204, remaining Mloc=194, Nloc=31498
iteration 3 From poincare073: count=204, remaining Mloc=194, Nloc=31498
iteration 3 From poincare056: count=204, remaining Mloc=194, Nloc=31498
iteration 3 From poincare021: count=204, remaining Mloc=194, Nloc=31498
iteration 3 From poincare031: count=204, remaining Mloc=194, Nloc=31498
iteration 3 From poincare065: count=204, remaining Mloc=194, Nloc=31498
iteration 3 From poincare016: count=204, remaining Mloc=194, Nloc=31498
iteration 3 From poincare071: count=204, remaining Mloc=194, Nloc=31498
iteration 3 From poincare011: count=204, remaining Mloc=194, Nloc=31498
iteration 3 From poincare072: count=204, remaining Mloc=194, Nloc=31498
iteration 3 From poincare019: count=204, remaining Mloc=194, Nloc=31498
iteration 3 From poincare060: count=204, remaining Mloc=194, Nloc=31498
iteration 3 From poincare074: count=204, remaining Mloc=194, Nloc=31498
iteration 3 From poincare030: count=204, remaining Mloc=194, Nloc=31498
iteration 3 From poincare034: count=204, remaining Mloc=194, Nloc=31498
iteration 3 From poincare010: count=204, remaining Mloc=194, Nloc=31498
iteration 3 From poincare062: count=204, remaining Mloc=194, Nloc=31498
iteration 3 From poincare005: count=204, remaining Mloc=194, Nloc=31498
iteration 3 From poincare064: count=204, remaining Mloc=194, Nloc=31498
iteration 3 From poincare067: count=204, remaining Mloc=194, Nloc=31498
iteration 3 From poincare066: count=204, remaining Mloc=194, Nloc=31498
iteration 3 From poincare068: count=204, remaining Mloc=194, Nloc=31498
iteration 3 From poincare044: count=204, remaining Mloc=194, Nloc=31498
iteration 3: N = 31498, count=10000, M=10000, prob=1.00000
iteration 3 From poincare028: count=204, remaining Mloc=194, Nloc=31498
iteration 4 From poincare008: count=204, remaining Mloc=194, Nloc=15749
iteration 4 From poincare078: count=204, remaining Mloc=194, Nloc=15749
iteration 4 From poincare013: count=204, remaining Mloc=194, Nloc=15749
iteration 4 From poincare017: count=204, remaining Mloc=194, Nloc=15749
iteration 4 From poincare039: count=204, remaining Mloc=194, Nloc=15749
iteration 4 From poincare075: count=204, remaining Mloc=194, Nloc=15749
iteration 4 From poincare035: count=204, remaining Mloc=194, Nloc=15749
iteration 4 From poincare061: count=204, remaining Mloc=194, Nloc=15749
iteration 4 From poincare077: count=204, remaining Mloc=194, Nloc=15749
iteration 4 From poincare053: count=204, remaining Mloc=194, Nloc=15749
iteration 4 From poincare024: count=204, remaining Mloc=194, Nloc=15749
iteration 4 From poincare070: count=204, remaining Mloc=194, Nloc=15749
iteration 4 From poincare057: count=204, remaining Mloc=194, Nloc=15749
iteration 4 From poincare020: count=204, remaining Mloc=194, Nloc=15749
iteration 4 From poincare033: count=204, remaining Mloc=194, Nloc=15749
iteration 4 From poincare059: count=204, remaining Mloc=194, Nloc=15749
iteration 4 From poincare006: count=204, remaining Mloc=194, Nloc=15749
iteration 4 From poincare037: count=204, remaining Mloc=194, Nloc=15749
iteration 4 From poincare018: count=204, remaining Mloc=194, Nloc=15749
iteration 4 From poincare027: count=204, remaining Mloc=194, Nloc=15749
iteration 4 From poincare022: count=204, remaining Mloc=194, Nloc=15749
iteration 4 From poincare076: count=204, remaining Mloc=194, Nloc=15749
iteration 4 From poincare025: count=204, remaining Mloc=194, Nloc=15749
iteration 4 From poincare014: count=204, remaining Mloc=194, Nloc=15749
iteration 4 From poincare003: count=204, remaining Mloc=194, Nloc=15749
iteration 4 From poincare015: count=204, remaining Mloc=194, Nloc=15749
iteration 4 From poincare073: count=204, remaining Mloc=194, Nloc=15749
iteration 4 From poincare031: count=204, remaining Mloc=194, Nloc=15749
iteration 4 From poincare021: count=204, remaining Mloc=194, Nloc=15749
iteration 4 From poincare056: count=204, remaining Mloc=194, Nloc=15749
iteration 4 From poincare065: count=204, remaining Mloc=194, Nloc=15749
iteration 4 From poincare072: count=204, remaining Mloc=194, Nloc=15749
iteration 4 From poincare071: count=204, remaining Mloc=194, Nloc=15749
iteration 4 From poincare011: count=204, remaining Mloc=194, Nloc=15749
iteration 4 From poincare016: count=204, remaining Mloc=194, Nloc=15749
iteration 4 From poincare074: count=204, remaining Mloc=194, Nloc=15749
iteration 4 From poincare060: count=204, remaining Mloc=194, Nloc=15749
iteration 4 From poincare019: count=204, remaining Mloc=194, Nloc=15749
iteration 4 From poincare030: count=204, remaining Mloc=194, Nloc=15749
iteration 4 From poincare005: count=204, remaining Mloc=194, Nloc=15749
iteration 4 From poincare034: count=204, remaining Mloc=194, Nloc=15749
iteration 4 From poincare062: count=204, remaining Mloc=194, Nloc=15749
iteration 4 From poincare064: count=204, remaining Mloc=194, Nloc=15749
iteration 4 From poincare010: count=204, remaining Mloc=194, Nloc=15749
iteration 4 From poincare067: count=204, remaining Mloc=194, Nloc=15749
iteration 4 From poincare066: count=204, remaining Mloc=194, Nloc=15749
iteration 4 From poincare068: count=204, remaining Mloc=194, Nloc=15749
iteration 4 From poincare044: count=204, remaining Mloc=194, Nloc=15749
iteration 4 From poincare028: count=204, remaining Mloc=194, Nloc=15749
iteration 4: N = 15749, count=10000, M=10000, prob=1.00000
iteration 5 From poincare008: count=204, remaining Mloc=194, Nloc=7874
iteration 5 From poincare078: count=204, remaining Mloc=194, Nloc=7874
iteration 5 From poincare013: count=204, remaining Mloc=194, Nloc=7874
iteration 5 From poincare039: count=204, remaining Mloc=194, Nloc=7874
iteration 5 From poincare017: count=204, remaining Mloc=194, Nloc=7874
iteration 5 From poincare075: count=204, remaining Mloc=194, Nloc=7874
iteration 5 From poincare035: count=204, remaining Mloc=194, Nloc=7874
iteration 5 From poincare061: count=204, remaining Mloc=194, Nloc=7874
iteration 5 From poincare077: count=204, remaining Mloc=194, Nloc=7874
iteration 5 From poincare053: count=204, remaining Mloc=194, Nloc=7874
iteration 5 From poincare024: count=204, remaining Mloc=194, Nloc=7874
iteration 5 From poincare070: count=204, remaining Mloc=194, Nloc=7874
iteration 5 From poincare020: count=204, remaining Mloc=194, Nloc=7874
iteration 5 From poincare057: count=204, remaining Mloc=194, Nloc=7874
iteration 5 From poincare033: count=204, remaining Mloc=194, Nloc=7874
iteration 5 From poincare037: count=204, remaining Mloc=194, Nloc=7874
iteration 5 From poincare059: count=204, remaining Mloc=194, Nloc=7874
iteration 5 From poincare006: count=204, remaining Mloc=194, Nloc=7874
iteration 5 From poincare022: count=204, remaining Mloc=194, Nloc=7874
iteration 5 From poincare018: count=204, remaining Mloc=194, Nloc=7874
iteration 5 From poincare027: count=204, remaining Mloc=194, Nloc=7874
iteration 5 From poincare025: count=204, remaining Mloc=194, Nloc=7874
iteration 5 From poincare076: count=204, remaining Mloc=194, Nloc=7874
iteration 5 From poincare003: count=204, remaining Mloc=194, Nloc=7874
iteration 5 From poincare014: count=204, remaining Mloc=194, Nloc=7874
iteration 5 From poincare015: count=204, remaining Mloc=194, Nloc=7874
iteration 5 From poincare073: count=204, remaining Mloc=194, Nloc=7874
iteration 5 From poincare031: count=204, remaining Mloc=194, Nloc=7874
iteration 5 From poincare065: count=204, remaining Mloc=194, Nloc=7874
iteration 5 From poincare056: count=204, remaining Mloc=194, Nloc=7874
iteration 5 From poincare021: count=204, remaining Mloc=194, Nloc=7874
iteration 5 From poincare072: count=204, remaining Mloc=194, Nloc=7874
iteration 5 From poincare011: count=204, remaining Mloc=194, Nloc=7874
iteration 5 From poincare071: count=204, remaining Mloc=194, Nloc=7874
iteration 5 From poincare016: count=204, remaining Mloc=194, Nloc=7874
iteration 5 From poincare074: count=204, remaining Mloc=194, Nloc=7874
iteration 5 From poincare060: count=204, remaining Mloc=194, Nloc=7874
iteration 5 From poincare030: count=204, remaining Mloc=194, Nloc=7874
iteration 5 From poincare019: count=204, remaining Mloc=194, Nloc=7874
iteration 5 From poincare005: count=204, remaining Mloc=194, Nloc=7874
iteration 5 From poincare034: count=204, remaining Mloc=194, Nloc=7874
iteration 5 From poincare062: count=204, remaining Mloc=194, Nloc=7874
iteration 5 From poincare064: count=204, remaining Mloc=194, Nloc=7874
iteration 5 From poincare010: count=204, remaining Mloc=194, Nloc=7874
iteration 5 From poincare067: count=204, remaining Mloc=194, Nloc=7874
iteration 5 From poincare066: count=204, remaining Mloc=194, Nloc=7874
iteration 5 From poincare068: count=204, remaining Mloc=194, Nloc=7874
iteration 5 From poincare044: count=204, remaining Mloc=194, Nloc=7874
iteration 5 From poincare028: count=204, remaining Mloc=194, Nloc=7874
iteration 5: N = 7874, count=10000, M=10000, prob=1.00000
iteration 6 From poincare008: count=204, remaining Mloc=194, Nloc=3937
iteration 6 From poincare078: count=204, remaining Mloc=194, Nloc=3937
iteration 6 From poincare013: count=204, remaining Mloc=194, Nloc=3937
iteration 6 From poincare039: count=204, remaining Mloc=194, Nloc=3937
iteration 6 From poincare017: count=204, remaining Mloc=194, Nloc=3937
iteration 6 From poincare075: count=204, remaining Mloc=194, Nloc=3937
iteration 6 From poincare035: count=204, remaining Mloc=194, Nloc=3937
iteration 6 From poincare061: count=204, remaining Mloc=194, Nloc=3937
iteration 6 From poincare077: count=204, remaining Mloc=194, Nloc=3937
iteration 6 From poincare053: count=204, remaining Mloc=194, Nloc=3937
iteration 6 From poincare024: count=204, remaining Mloc=194, Nloc=3937
iteration 6 From poincare070: count=204, remaining Mloc=194, Nloc=3937
iteration 6 From poincare020: count=204, remaining Mloc=194, Nloc=3937
iteration 6 From poincare057: count=204, remaining Mloc=194, Nloc=3937
iteration 6 From poincare033: count=204, remaining Mloc=194, Nloc=3937
iteration 6 From poincare037: count=204, remaining Mloc=194, Nloc=3937
iteration 6 From poincare006: count=204, remaining Mloc=194, Nloc=3937
iteration 6 From poincare022: count=204, remaining Mloc=194, Nloc=3937
iteration 6 From poincare059: count=204, remaining Mloc=194, Nloc=3937
iteration 6 From poincare018: count=204, remaining Mloc=194, Nloc=3937
iteration 6 From poincare027: count=204, remaining Mloc=194, Nloc=3937
iteration 6 From poincare025: count=204, remaining Mloc=194, Nloc=3937
iteration 6 From poincare076: count=204, remaining Mloc=194, Nloc=3937
iteration 6 From poincare003: count=204, remaining Mloc=194, Nloc=3937
iteration 6 From poincare014: count=204, remaining Mloc=194, Nloc=3937
iteration 6 From poincare015: count=204, remaining Mloc=194, Nloc=3937
iteration 6 From poincare073: count=204, remaining Mloc=194, Nloc=3937
iteration 6 From poincare031: count=204, remaining Mloc=194, Nloc=3937
iteration 6 From poincare065: count=204, remaining Mloc=194, Nloc=3937
iteration 6 From poincare056: count=204, remaining Mloc=194, Nloc=3937
iteration 6 From poincare021: count=204, remaining Mloc=194, Nloc=3937
iteration 6 From poincare072: count=204, remaining Mloc=194, Nloc=3937
iteration 6 From poincare011: count=204, remaining Mloc=194, Nloc=3937
iteration 6 From poincare071: count=204, remaining Mloc=194, Nloc=3937
iteration 6 From poincare016: count=204, remaining Mloc=194, Nloc=3937
iteration 6 From poincare074: count=204, remaining Mloc=194, Nloc=3937
iteration 6 From poincare060: count=204, remaining Mloc=194, Nloc=3937
iteration 6 From poincare030: count=204, remaining Mloc=194, Nloc=3937
iteration 6 From poincare019: count=204, remaining Mloc=194, Nloc=3937
iteration 6 From poincare005: count=204, remaining Mloc=194, Nloc=3937
iteration 6 From poincare034: count=204, remaining Mloc=194, Nloc=3937
iteration 6 From poincare062: count=204, remaining Mloc=194, Nloc=3937
iteration 6 From poincare064: count=204, remaining Mloc=194, Nloc=3937
iteration 6 From poincare010: count=204, remaining Mloc=194, Nloc=3937
iteration 6 From poincare067: count=204, remaining Mloc=194, Nloc=3937
iteration 6 From poincare066: count=204, remaining Mloc=194, Nloc=3937
iteration 6 From poincare068: count=204, remaining Mloc=194, Nloc=3937
iteration 6 From poincare044: count=204, remaining Mloc=194, Nloc=3937
iteration 6: N = 3937, count=10000, M=10000, prob=1.00000
iteration 6 From poincare028: count=204, remaining Mloc=194, Nloc=3937
iteration 7 From poincare008: count=204, remaining Mloc=184, Nloc=1968
iteration 7 From poincare078: count=204, remaining Mloc=184, Nloc=1968
iteration 7 From poincare013: count=204, remaining Mloc=184, Nloc=1968
iteration 7 From poincare039: count=204, remaining Mloc=184, Nloc=1968
iteration 7 From poincare017: count=204, remaining Mloc=184, Nloc=1968
iteration 7 From poincare075: count=204, remaining Mloc=184, Nloc=1968
iteration 7 From poincare035: count=204, remaining Mloc=184, Nloc=1968
iteration 7 From poincare061: count=204, remaining Mloc=184, Nloc=1968
iteration 7 From poincare077: count=204, remaining Mloc=184, Nloc=1968
iteration 7 From poincare053: count=204, remaining Mloc=184, Nloc=1968
iteration 7 From poincare024: count=204, remaining Mloc=184, Nloc=1968
iteration 7 From poincare070: count=204, remaining Mloc=184, Nloc=1968
iteration 7 From poincare020: count=204, remaining Mloc=184, Nloc=1968
iteration 7 From poincare057: count=204, remaining Mloc=184, Nloc=1968
iteration 7 From poincare033: count=204, remaining Mloc=194, Nloc=1968
iteration 7 From poincare037: count=204, remaining Mloc=194, Nloc=1968
iteration 7 From poincare006: count=204, remaining Mloc=194, Nloc=1968
iteration 7 From poincare059: count=204, remaining Mloc=194, Nloc=1968
iteration 7 From poincare018: count=204, remaining Mloc=194, Nloc=1968
iteration 7 From poincare022: count=204, remaining Mloc=194, Nloc=1968
iteration 7 From poincare027: count=204, remaining Mloc=194, Nloc=1968
iteration 7 From poincare076: count=204, remaining Mloc=194, Nloc=1968
iteration 7 From poincare025: count=204, remaining Mloc=194, Nloc=1968
iteration 7 From poincare003: count=204, remaining Mloc=194, Nloc=1968
iteration 7 From poincare014: count=204, remaining Mloc=194, Nloc=1968
iteration 7 From poincare015: count=204, remaining Mloc=194, Nloc=1968
iteration 7 From poincare073: count=204, remaining Mloc=194, Nloc=1968
iteration 7 From poincare031: count=204, remaining Mloc=194, Nloc=1968
iteration 7 From poincare065: count=204, remaining Mloc=194, Nloc=1968
iteration 7 From poincare056: count=204, remaining Mloc=194, Nloc=1968
iteration 7 From poincare021: count=204, remaining Mloc=194, Nloc=1968
iteration 7 From poincare072: count=204, remaining Mloc=194, Nloc=1968
iteration 7 From poincare011: count=204, remaining Mloc=194, Nloc=1968
iteration 7 From poincare071: count=204, remaining Mloc=194, Nloc=1968
iteration 7 From poincare016: count=204, remaining Mloc=194, Nloc=1968
iteration 7 From poincare074: count=204, remaining Mloc=184, Nloc=1968
iteration 7 From poincare060: count=204, remaining Mloc=194, Nloc=1968
iteration 7 From poincare030: count=204, remaining Mloc=194, Nloc=1968
iteration 7 From poincare019: count=204, remaining Mloc=194, Nloc=1968
iteration 7 From poincare005: count=204, remaining Mloc=194, Nloc=1968
iteration 7 From poincare034: count=204, remaining Mloc=194, Nloc=1968
iteration 7 From poincare062: count=204, remaining Mloc=194, Nloc=1968
iteration 7 From poincare064: count=204, remaining Mloc=194, Nloc=1968
iteration 7 From poincare010: count=204, remaining Mloc=194, Nloc=1968
iteration 7 From poincare066: count=204, remaining Mloc=194, Nloc=1968
iteration 7 From poincare067: count=204, remaining Mloc=194, Nloc=1968
iteration 7 From poincare068: count=204, remaining Mloc=194, Nloc=1968
iteration 7 From poincare044: count=204, remaining Mloc=194, Nloc=1968
iteration 7: N = 1968, count=10000, M=10000, prob=1.00000
iteration 7 From poincare028: count=204, remaining Mloc=194, Nloc=1968
iteration 8 From poincare008: count=204, remaining Mloc=184, Nloc=984
iteration 8 From poincare078: count=204, remaining Mloc=184, Nloc=984
iteration 8 From poincare013: count=204, remaining Mloc=184, Nloc=984
iteration 8 From poincare039: count=204, remaining Mloc=184, Nloc=984
iteration 8 From poincare017: count=204, remaining Mloc=184, Nloc=984
iteration 8 From poincare075: count=204, remaining Mloc=184, Nloc=984
iteration 8 From poincare035: count=204, remaining Mloc=184, Nloc=984
iteration 8 From poincare061: count=204, remaining Mloc=184, Nloc=984
iteration 8 From poincare077: count=204, remaining Mloc=184, Nloc=984
iteration 8 From poincare053: count=204, remaining Mloc=184, Nloc=984
iteration 8 From poincare024: count=204, remaining Mloc=184, Nloc=984
iteration 8 From poincare070: count=204, remaining Mloc=184, Nloc=984
iteration 8 From poincare020: count=204, remaining Mloc=184, Nloc=984
iteration 8 From poincare057: count=204, remaining Mloc=184, Nloc=984
iteration 8 From poincare033: count=204, remaining Mloc=194, Nloc=984
iteration 8 From poincare037: count=204, remaining Mloc=194, Nloc=984
iteration 8 From poincare006: count=204, remaining Mloc=194, Nloc=984
iteration 8 From poincare059: count=204, remaining Mloc=194, Nloc=984
iteration 8 From poincare018: count=204, remaining Mloc=194, Nloc=984
iteration 8 From poincare027: count=204, remaining Mloc=194, Nloc=984
iteration 8 From poincare022: count=204, remaining Mloc=194, Nloc=984
iteration 8 From poincare076: count=204, remaining Mloc=194, Nloc=984
iteration 8 From poincare025: count=204, remaining Mloc=194, Nloc=984
iteration 8 From poincare003: count=204, remaining Mloc=194, Nloc=984
iteration 8 From poincare014: count=204, remaining Mloc=194, Nloc=984
iteration 8 From poincare015: count=204, remaining Mloc=194, Nloc=984
iteration 8 From poincare073: count=204, remaining Mloc=184, Nloc=984
iteration 8 From poincare031: count=204, remaining Mloc=194, Nloc=984
iteration 8 From poincare065: count=204, remaining Mloc=194, Nloc=984
iteration 8 From poincare056: count=204, remaining Mloc=194, Nloc=984
iteration 8 From poincare021: count=204, remaining Mloc=194, Nloc=984
iteration 8 From poincare072: count=204, remaining Mloc=194, Nloc=984
iteration 8 From poincare011: count=204, remaining Mloc=194, Nloc=984
iteration 8 From poincare071: count=204, remaining Mloc=194, Nloc=984
iteration 8 From poincare016: count=204, remaining Mloc=194, Nloc=984
iteration 8 From poincare074: count=204, remaining Mloc=194, Nloc=984
iteration 8 From poincare060: count=204, remaining Mloc=194, Nloc=984
iteration 8 From poincare030: count=204, remaining Mloc=194, Nloc=984
iteration 8 From poincare005: count=204, remaining Mloc=194, Nloc=984
iteration 8 From poincare019: count=204, remaining Mloc=194, Nloc=984
iteration 8 From poincare034: count=204, remaining Mloc=194, Nloc=984
iteration 8 From poincare062: count=204, remaining Mloc=194, Nloc=984
iteration 8 From poincare064: count=204, remaining Mloc=194, Nloc=984
iteration 8 From poincare010: count=204, remaining Mloc=194, Nloc=984
iteration 8 From poincare066: count=204, remaining Mloc=194, Nloc=984
iteration 8 From poincare067: count=204, remaining Mloc=194, Nloc=984
iteration 8 From poincare068: count=204, remaining Mloc=194, Nloc=984
iteration 8 From poincare044: count=204, remaining Mloc=194, Nloc=984
iteration 8: N = 984, count=10000, M=10000, prob=1.00000
iteration 8 From poincare028: count=204, remaining Mloc=194, Nloc=984
iteration 9 From poincare008: count=204, remaining Mloc=184, Nloc=492
iteration 9 From poincare078: count=204, remaining Mloc=184, Nloc=492
iteration 9 From poincare013: count=204, remaining Mloc=184, Nloc=492
iteration 9 From poincare039: count=204, remaining Mloc=184, Nloc=492
iteration 9 From poincare017: count=204, remaining Mloc=184, Nloc=492
iteration 9 From poincare075: count=204, remaining Mloc=184, Nloc=492
iteration 9 From poincare035: count=204, remaining Mloc=184, Nloc=492
iteration 9 From poincare061: count=204, remaining Mloc=184, Nloc=492
iteration 9 From poincare077: count=204, remaining Mloc=184, Nloc=492
iteration 9 From poincare053: count=204, remaining Mloc=184, Nloc=492
iteration 9 From poincare024: count=204, remaining Mloc=184, Nloc=492
iteration 9 From poincare070: count=204, remaining Mloc=184, Nloc=492
iteration 9 From poincare057: count=204, remaining Mloc=184, Nloc=492
iteration 9 From poincare020: count=204, remaining Mloc=184, Nloc=492
iteration 9 From poincare033: count=204, remaining Mloc=194, Nloc=492
iteration 9 From poincare037: count=204, remaining Mloc=194, Nloc=492
iteration 9 From poincare006: count=204, remaining Mloc=194, Nloc=492
iteration 9 From poincare059: count=204, remaining Mloc=194, Nloc=492
iteration 9 From poincare018: count=204, remaining Mloc=194, Nloc=492
iteration 9 From poincare027: count=204, remaining Mloc=194, Nloc=492
iteration 9 From poincare025: count=204, remaining Mloc=194, Nloc=492
iteration 9 From poincare022: count=204, remaining Mloc=194, Nloc=492
iteration 9 From poincare076: count=204, remaining Mloc=194, Nloc=492
iteration 9 From poincare003: count=204, remaining Mloc=194, Nloc=492
iteration 9 From poincare014: count=204, remaining Mloc=194, Nloc=492
iteration 9 From poincare015: count=204, remaining Mloc=194, Nloc=492
iteration 9 From poincare073: count=204, remaining Mloc=194, Nloc=492
iteration 9 From poincare031: count=204, remaining Mloc=194, Nloc=492
iteration 9 From poincare065: count=204, remaining Mloc=194, Nloc=492
iteration 9 From poincare056: count=204, remaining Mloc=194, Nloc=492
iteration 9 From poincare021: count=204, remaining Mloc=194, Nloc=492
iteration 9 From poincare072: count=204, remaining Mloc=184, Nloc=492
iteration 9 From poincare011: count=204, remaining Mloc=194, Nloc=492
iteration 9 From poincare016: count=204, remaining Mloc=194, Nloc=492
iteration 9 From poincare071: count=204, remaining Mloc=194, Nloc=492
iteration 9 From poincare074: count=204, remaining Mloc=194, Nloc=492
iteration 9 From poincare060: count=204, remaining Mloc=194, Nloc=492
iteration 9 From poincare030: count=204, remaining Mloc=194, Nloc=492
iteration 9 From poincare005: count=204, remaining Mloc=194, Nloc=492
iteration 9 From poincare019: count=204, remaining Mloc=194, Nloc=492
iteration 9 From poincare034: count=204, remaining Mloc=194, Nloc=492
iteration 9 From poincare062: count=204, remaining Mloc=194, Nloc=492
iteration 9 From poincare064: count=204, remaining Mloc=194, Nloc=492
iteration 9 From poincare010: count=204, remaining Mloc=194, Nloc=492
iteration 9 From poincare066: count=204, remaining Mloc=194, Nloc=492
iteration 9 From poincare067: count=204, remaining Mloc=194, Nloc=492
iteration 9 From poincare068: count=204, remaining Mloc=194, Nloc=492
iteration 9 From poincare028: count=204, remaining Mloc=194, Nloc=492
iteration 9: N = 492, count=10000, M=10000, prob=1.00000
iteration 9 From poincare044: count=204, remaining Mloc=194, Nloc=492
iteration 10 From poincare008: count=204, remaining Mloc=184, Nloc=246
iteration 10 From poincare078: count=204, remaining Mloc=184, Nloc=246
iteration 10 From poincare013: count=204, remaining Mloc=184, Nloc=246
iteration 10 From poincare039: count=204, remaining Mloc=184, Nloc=246
iteration 10 From poincare017: count=204, remaining Mloc=184, Nloc=246
iteration 10 From poincare035: count=204, remaining Mloc=184, Nloc=246
iteration 10 From poincare075: count=204, remaining Mloc=184, Nloc=246
iteration 10 From poincare061: count=204, remaining Mloc=184, Nloc=246
iteration 10 From poincare077: count=204, remaining Mloc=184, Nloc=246
iteration 10 From poincare053: count=204, remaining Mloc=184, Nloc=246
iteration 10 From poincare024: count=204, remaining Mloc=184, Nloc=246
iteration 10 From poincare070: count=204, remaining Mloc=184, Nloc=246
iteration 10 From poincare057: count=204, remaining Mloc=184, Nloc=246
iteration 10 From poincare020: count=204, remaining Mloc=194, Nloc=246
iteration 10 From poincare033: count=204, remaining Mloc=194, Nloc=246
iteration 10 From poincare037: count=204, remaining Mloc=194, Nloc=246
iteration 10 From poincare006: count=204, remaining Mloc=194, Nloc=246
iteration 10 From poincare018: count=204, remaining Mloc=194, Nloc=246
iteration 10 From poincare027: count=204, remaining Mloc=194, Nloc=246
iteration 10 From poincare059: count=204, remaining Mloc=194, Nloc=246
iteration 10 From poincare025: count=204, remaining Mloc=194, Nloc=246
iteration 10 From poincare022: count=204, remaining Mloc=194, Nloc=246
iteration 10 From poincare076: count=204, remaining Mloc=194, Nloc=246
iteration 10 From poincare003: count=204, remaining Mloc=194, Nloc=246
iteration 10 From poincare014: count=204, remaining Mloc=194, Nloc=246
iteration 10 From poincare015: count=204, remaining Mloc=194, Nloc=246
iteration 10 From poincare073: count=204, remaining Mloc=194, Nloc=246
iteration 10 From poincare031: count=204, remaining Mloc=194, Nloc=246
iteration 10 From poincare065: count=204, remaining Mloc=194, Nloc=246
iteration 10 From poincare056: count=204, remaining Mloc=194, Nloc=246
iteration 10 From poincare021: count=204, remaining Mloc=194, Nloc=246
iteration 10 From poincare072: count=204, remaining Mloc=194, Nloc=246
iteration 10 From poincare011: count=204, remaining Mloc=194, Nloc=246
iteration 10 From poincare016: count=204, remaining Mloc=194, Nloc=246
iteration 10 From poincare071: count=204, remaining Mloc=194, Nloc=246
iteration 10 From poincare074: count=203, remaining Mloc=184, Nloc=246
iteration 10 From poincare060: count=204, remaining Mloc=194, Nloc=246
iteration 10 From poincare030: count=204, remaining Mloc=194, Nloc=246
iteration 10 From poincare005: count=204, remaining Mloc=194, Nloc=246
iteration 10 From poincare019: count=204, remaining Mloc=194, Nloc=246
iteration 10 From poincare034: count=204, remaining Mloc=194, Nloc=246
iteration 10 From poincare062: count=204, remaining Mloc=194, Nloc=246
iteration 10 From poincare064: count=204, remaining Mloc=194, Nloc=246
iteration 10 From poincare010: count=204, remaining Mloc=194, Nloc=246
iteration 10 From poincare066: count=204, remaining Mloc=194, Nloc=246
iteration 10 From poincare067: count=204, remaining Mloc=194, Nloc=246
iteration 10 From poincare068: count=204, remaining Mloc=194, Nloc=246
iteration 10 From poincare028: count=204, remaining Mloc=194, Nloc=246
iteration 10 From poincare044: count=204, remaining Mloc=194, Nloc=246
iteration 10: N = 246, count=9999, M=10000, prob=0.99990
iteration 11 From poincare008: count=204, remaining Mloc=174, Nloc=123
iteration 11 From poincare078: count=204, remaining Mloc=174, Nloc=123
iteration 11 From poincare013: count=204, remaining Mloc=184, Nloc=123
iteration 11 From poincare039: count=204, remaining Mloc=184, Nloc=123
iteration 11 From poincare017: count=204, remaining Mloc=184, Nloc=123
iteration 11 From poincare035: count=204, remaining Mloc=184, Nloc=123
iteration 11 From poincare075: count=204, remaining Mloc=184, Nloc=123
iteration 11 From poincare061: count=204, remaining Mloc=184, Nloc=123
iteration 11 From poincare077: count=203, remaining Mloc=184, Nloc=123
iteration 11 From poincare053: count=204, remaining Mloc=184, Nloc=123
iteration 11 From poincare024: count=204, remaining Mloc=184, Nloc=123
iteration 11 From poincare070: count=204, remaining Mloc=184, Nloc=123
iteration 11 From poincare057: count=202, remaining Mloc=184, Nloc=123
iteration 11 From poincare020: count=204, remaining Mloc=184, Nloc=123
iteration 11 From poincare033: count=203, remaining Mloc=184, Nloc=123
iteration 11 From poincare037: count=204, remaining Mloc=184, Nloc=123
iteration 11 From poincare006: count=204, remaining Mloc=184, Nloc=123
iteration 11 From poincare027: count=204, remaining Mloc=184, Nloc=123
iteration 11 From poincare018: count=204, remaining Mloc=184, Nloc=123
iteration 11 From poincare059: count=203, remaining Mloc=184, Nloc=123
iteration 11 From poincare025: count=204, remaining Mloc=184, Nloc=123
iteration 11 From poincare022: count=202, remaining Mloc=184, Nloc=123
iteration 11 From poincare076: count=202, remaining Mloc=184, Nloc=123
iteration 11 From poincare014: count=204, remaining Mloc=184, Nloc=123
iteration 11 From poincare003: count=203, remaining Mloc=184, Nloc=123
iteration 11 From poincare015: count=204, remaining Mloc=184, Nloc=123
iteration 11 From poincare073: count=202, remaining Mloc=184, Nloc=123
iteration 11 From poincare031: count=204, remaining Mloc=184, Nloc=123
iteration 11 From poincare065: count=203, remaining Mloc=184, Nloc=123
iteration 11 From poincare056: count=204, remaining Mloc=184, Nloc=123
iteration 11 From poincare021: count=202, remaining Mloc=184, Nloc=123
iteration 11 From poincare072: count=204, remaining Mloc=184, Nloc=123
iteration 11 From poincare011: count=202, remaining Mloc=184, Nloc=123
iteration 11 From poincare016: count=203, remaining Mloc=184, Nloc=123
iteration 11 From poincare071: count=202, remaining Mloc=184, Nloc=123
iteration 11 From poincare074: count=202, remaining Mloc=184, Nloc=123
iteration 11 From poincare060: count=203, remaining Mloc=184, Nloc=123
iteration 11 From poincare030: count=203, remaining Mloc=184, Nloc=123
iteration 11 From poincare005: count=204, remaining Mloc=194, Nloc=123
iteration 11 From poincare034: count=204, remaining Mloc=194, Nloc=123
iteration 11 From poincare019: count=204, remaining Mloc=194, Nloc=123
iteration 11 From poincare062: count=203, remaining Mloc=194, Nloc=123
iteration 11 From poincare064: count=204, remaining Mloc=194, Nloc=123
iteration 11 From poincare010: count=204, remaining Mloc=194, Nloc=123
iteration 11 From poincare066: count=204, remaining Mloc=194, Nloc=123
iteration 11 From poincare067: count=203, remaining Mloc=194, Nloc=123
iteration 11 From poincare068: count=204, remaining Mloc=194, Nloc=123
iteration 11 From poincare028: count=202, remaining Mloc=194, Nloc=123
iteration 11 From poincare044: count=201, remaining Mloc=194, Nloc=123
iteration 11: N = 123, count=9969, M=10000, prob=0.99690
iteration 12 From poincare008: count=202, remaining Mloc=154, Nloc=61
iteration 12 From poincare078: count=204, remaining Mloc=164, Nloc=61
iteration 12 From poincare013: count=200, remaining Mloc=164, Nloc=61
iteration 12 From poincare039: count=202, remaining Mloc=164, Nloc=61
iteration 12 From poincare017: count=201, remaining Mloc=164, Nloc=61
iteration 12 From poincare035: count=202, remaining Mloc=164, Nloc=61
iteration 12 From poincare075: count=199, remaining Mloc=164, Nloc=61
iteration 12 From poincare061: count=203, remaining Mloc=164, Nloc=61
iteration 12 From poincare077: count=198, remaining Mloc=164, Nloc=61
iteration 12 From poincare053: count=203, remaining Mloc=164, Nloc=61
iteration 12 From poincare024: count=201, remaining Mloc=164, Nloc=61
iteration 12 From poincare070: count=203, remaining Mloc=164, Nloc=61
iteration 12 From poincare057: count=203, remaining Mloc=164, Nloc=61
iteration 12 From poincare020: count=200, remaining Mloc=164, Nloc=61
iteration 12 From poincare033: count=200, remaining Mloc=164, Nloc=61
iteration 12 From poincare037: count=200, remaining Mloc=174, Nloc=61
iteration 12 From poincare006: count=197, remaining Mloc=174, Nloc=61
iteration 12 From poincare027: count=201, remaining Mloc=174, Nloc=61
iteration 12 From poincare018: count=200, remaining Mloc=174, Nloc=61
iteration 12 From poincare059: count=199, remaining Mloc=174, Nloc=61
iteration 12 From poincare025: count=199, remaining Mloc=174, Nloc=61
iteration 12 From poincare022: count=201, remaining Mloc=174, Nloc=61
iteration 12 From poincare076: count=201, remaining Mloc=174, Nloc=61
iteration 12 From poincare014: count=200, remaining Mloc=174, Nloc=61
iteration 12 From poincare003: count=197, remaining Mloc=174, Nloc=61
iteration 12 From poincare015: count=198, remaining Mloc=174, Nloc=61
iteration 12 From poincare073: count=200, remaining Mloc=174, Nloc=61
iteration 12 From poincare031: count=202, remaining Mloc=174, Nloc=61
iteration 12 From poincare065: count=199, remaining Mloc=174, Nloc=61
iteration 12 From poincare056: count=202, remaining Mloc=174, Nloc=61
iteration 12 From poincare021: count=199, remaining Mloc=174, Nloc=61
iteration 12 From poincare072: count=197, remaining Mloc=174, Nloc=61
iteration 12 From poincare011: count=200, remaining Mloc=174, Nloc=61
iteration 12 From poincare016: count=203, remaining Mloc=174, Nloc=61
iteration 12 From poincare071: count=200, remaining Mloc=174, Nloc=61
iteration 12 From poincare074: count=196, remaining Mloc=174, Nloc=61
iteration 12 From poincare060: count=199, remaining Mloc=174, Nloc=61
iteration 12 From poincare030: count=199, remaining Mloc=174, Nloc=61
iteration 12 From poincare005: count=201, remaining Mloc=184, Nloc=61
iteration 12 From poincare034: count=202, remaining Mloc=184, Nloc=61
iteration 12 From poincare019: count=199, remaining Mloc=184, Nloc=61
iteration 12 From poincare062: count=200, remaining Mloc=184, Nloc=61
iteration 12 From poincare064: count=200, remaining Mloc=184, Nloc=61
iteration 12 From poincare010: count=197, remaining Mloc=184, Nloc=61
iteration 12 From poincare066: count=201, remaining Mloc=184, Nloc=61
iteration 12 From poincare067: count=200, remaining Mloc=184, Nloc=61
iteration 12 From poincare068: count=201, remaining Mloc=184, Nloc=61
iteration 12 From poincare028: count=198, remaining Mloc=194, Nloc=61
iteration 12 From poincare044: count=198, remaining Mloc=194, Nloc=61
iteration 12: N = 61, count=9811, M=10000, prob=0.98110
iteration 13 From poincare008: count=195, remaining Mloc=114, Nloc=30
iteration 13 From poincare078: count=191, remaining Mloc=114, Nloc=30
iteration 13 From poincare013: count=184, remaining Mloc=124, Nloc=30
iteration 13 From poincare039: count=189, remaining Mloc=124, Nloc=30
iteration 13 From poincare017: count=193, remaining Mloc=124, Nloc=30
iteration 13 From poincare035: count=196, remaining Mloc=124, Nloc=30
iteration 13 From poincare075: count=194, remaining Mloc=134, Nloc=30
iteration 13 From poincare061: count=192, remaining Mloc=134, Nloc=30
iteration 13 From poincare077: count=191, remaining Mloc=134, Nloc=30
iteration 13 From poincare053: count=189, remaining Mloc=134, Nloc=30
iteration 13 From poincare024: count=197, remaining Mloc=134, Nloc=30
iteration 13 From poincare070: count=195, remaining Mloc=134, Nloc=30
iteration 13 From poincare057: count=195, remaining Mloc=134, Nloc=30
iteration 13 From poincare020: count=191, remaining Mloc=134, Nloc=30
iteration 13 From poincare033: count=186, remaining Mloc=134, Nloc=30
iteration 13 From poincare037: count=187, remaining Mloc=144, Nloc=30
iteration 13 From poincare006: count=191, remaining Mloc=144, Nloc=30
iteration 13 From poincare027: count=187, remaining Mloc=144, Nloc=30
iteration 13 From poincare018: count=187, remaining Mloc=144, Nloc=30
iteration 13 From poincare059: count=189, remaining Mloc=144, Nloc=30
iteration 13 From poincare025: count=186, remaining Mloc=144, Nloc=30
iteration 13 From poincare022: count=189, remaining Mloc=144, Nloc=30
iteration 13 From poincare076: count=195, remaining Mloc=144, Nloc=30
iteration 13 From poincare014: count=190, remaining Mloc=144, Nloc=30
iteration 13 From poincare003: count=193, remaining Mloc=144, Nloc=30
iteration 13 From poincare015: count=191, remaining Mloc=144, Nloc=30
iteration 13 From poincare073: count=191, remaining Mloc=144, Nloc=30
iteration 13 From poincare031: count=191, remaining Mloc=154, Nloc=30
iteration 13 From poincare065: count=190, remaining Mloc=154, Nloc=30
iteration 13 From poincare056: count=195, remaining Mloc=154, Nloc=30
iteration 13 From poincare021: count=192, remaining Mloc=154, Nloc=30
iteration 13 From poincare072: count=191, remaining Mloc=154, Nloc=30
iteration 13 From poincare011: count=194, remaining Mloc=154, Nloc=30
iteration 13 From poincare016: count=191, remaining Mloc=154, Nloc=30
iteration 13 From poincare071: count=180, remaining Mloc=154, Nloc=30
iteration 13 From poincare074: count=187, remaining Mloc=154, Nloc=30
iteration 13 From poincare060: count=196, remaining Mloc=154, Nloc=30
iteration 13 From poincare030: count=194, remaining Mloc=154, Nloc=30
iteration 13 From poincare005: count=195, remaining Mloc=164, Nloc=30
iteration 13 From poincare034: count=193, remaining Mloc=164, Nloc=30
iteration 13 From poincare019: count=195, remaining Mloc=164, Nloc=30
iteration 13 From poincare062: count=190, remaining Mloc=164, Nloc=30
iteration 13 From poincare064: count=186, remaining Mloc=164, Nloc=30
iteration 13 From poincare010: count=192, remaining Mloc=164, Nloc=30
iteration 13 From poincare066: count=191, remaining Mloc=164, Nloc=30
iteration 13 From poincare067: count=192, remaining Mloc=164, Nloc=30
iteration 13 From poincare068: count=187, remaining Mloc=184, Nloc=30
iteration 13 From poincare028: count=193, remaining Mloc=194, Nloc=30
iteration 13: N = 30, count=9361, M=10000, prob=0.93610
iteration 13 From poincare044: count=188, remaining Mloc=194, Nloc=30
iteration 14 From poincare078: count=199, remaining Mloc=204, Nloc=45
iteration 14 From poincare025: count=198, remaining Mloc=204, Nloc=45
iteration 14 From poincare011: count=195, remaining Mloc=204, Nloc=45
iteration 14 From poincare030: count=197, remaining Mloc=204, Nloc=45
iteration 14 From poincare020: count=196, remaining Mloc=204, Nloc=45
iteration 14 From poincare022: count=193, remaining Mloc=204, Nloc=45
iteration 14 From poincare013: count=195, remaining Mloc=204, Nloc=45
iteration 14 From poincare014: count=198, remaining Mloc=204, Nloc=45
iteration 14 From poincare076: count=198, remaining Mloc=204, Nloc=45
iteration 14 From poincare016: count=192, remaining Mloc=204, Nloc=45
iteration 14 From poincare033: count=198, remaining Mloc=204, Nloc=45
iteration 14 From poincare003: count=195, remaining Mloc=204, Nloc=45
iteration 14 From poincare015: count=191, remaining Mloc=204, Nloc=45
iteration 14 From poincare071: count=195, remaining Mloc=204, Nloc=45
iteration 14 From poincare008: count=198, remaining Mloc=204, Nloc=45
iteration 14 From poincare035: count=197, remaining Mloc=204, Nloc=45
iteration 14 From poincare005: count=201, remaining Mloc=204, Nloc=45
iteration 14 From poincare031: count=201, remaining Mloc=204, Nloc=45
iteration 14 From poincare037: count=195, remaining Mloc=204, Nloc=45
iteration 14 From poincare065: count=203, remaining Mloc=204, Nloc=45
iteration 14 From poincare074: count=200, remaining Mloc=204, Nloc=45
iteration 14 From poincare056: count=200, remaining Mloc=204, Nloc=45
iteration 14 From poincare066: count=197, remaining Mloc=204, Nloc=45
iteration 14 From poincare024: count=199, remaining Mloc=204, Nloc=45
iteration 14 From poincare053: count=198, remaining Mloc=204, Nloc=45
iteration 14 From poincare075: count=199, remaining Mloc=204, Nloc=45
iteration 14 From poincare070: count=200, remaining Mloc=204, Nloc=45
iteration 14 From poincare027: count=198, remaining Mloc=204, Nloc=45
iteration 14 From poincare068: count=201, remaining Mloc=204, Nloc=45
iteration 14 From poincare006: count=196, remaining Mloc=204, Nloc=45
iteration 14 From poincare034: count=195, remaining Mloc=204, Nloc=45
iteration 14 From poincare019: count=199, remaining Mloc=204, Nloc=45
iteration 14 From poincare028: count=197, remaining Mloc=204, Nloc=45
iteration 14 From poincare021: count=195, remaining Mloc=204, Nloc=45
iteration 14 From poincare018: count=199, remaining Mloc=204, Nloc=45
iteration 14 From poincare073: count=200, remaining Mloc=204, Nloc=45
iteration 14 From poincare067: count=196, remaining Mloc=204, Nloc=45
iteration 14 From poincare062: count=201, remaining Mloc=204, Nloc=45
iteration 14 From poincare039: count=199, remaining Mloc=204, Nloc=45
iteration 14 From poincare061: count=200, remaining Mloc=204, Nloc=45
iteration 14 From poincare059: count=191, remaining Mloc=204, Nloc=45
iteration 14 From poincare017: count=199, remaining Mloc=204, Nloc=45
iteration 14 From poincare060: count=200, remaining Mloc=204, Nloc=45
iteration 14 From poincare057: count=199, remaining Mloc=204, Nloc=45
iteration 14 From poincare064: count=198, remaining Mloc=204, Nloc=45
iteration 14 From poincare010: count=193, remaining Mloc=204, Nloc=45
iteration 14 From poincare044: count=195, remaining Mloc=204, Nloc=45
iteration 14 From poincare072: count=200, remaining Mloc=204, Nloc=45
iteration 14: N = 45, count=9681, M=10000, prob=0.96810
iteration 14 From poincare077: count=198, remaining Mloc=204, Nloc=45
iteration 15 From poincare078: count=199, remaining Mloc=194, Nloc=37
iteration 15 From poincare025: count=197, remaining Mloc=194, Nloc=37
iteration 15 From poincare011: count=193, remaining Mloc=194, Nloc=37
iteration 15 From poincare030: count=197, remaining Mloc=194, Nloc=37
iteration 15 From poincare022: count=190, remaining Mloc=194, Nloc=37
iteration 15 From poincare013: count=196, remaining Mloc=194, Nloc=37
iteration 15 From poincare020: count=194, remaining Mloc=194, Nloc=37
iteration 15 From poincare014: count=194, remaining Mloc=194, Nloc=37
iteration 15 From poincare076: count=195, remaining Mloc=194, Nloc=37
iteration 15 From poincare016: count=189, remaining Mloc=194, Nloc=37
iteration 15 From poincare033: count=194, remaining Mloc=194, Nloc=37
iteration 15 From poincare003: count=194, remaining Mloc=194, Nloc=37
iteration 15 From poincare015: count=194, remaining Mloc=194, Nloc=37
iteration 15 From poincare071: count=196, remaining Mloc=184, Nloc=37
iteration 15 From poincare008: count=197, remaining Mloc=194, Nloc=37
iteration 15 From poincare035: count=198, remaining Mloc=194, Nloc=37
iteration 15 From poincare005: count=197, remaining Mloc=194, Nloc=37
iteration 15 From poincare031: count=194, remaining Mloc=194, Nloc=37
iteration 15 From poincare037: count=194, remaining Mloc=194, Nloc=37
iteration 15 From poincare065: count=199, remaining Mloc=194, Nloc=37
iteration 15 From poincare074: count=194, remaining Mloc=194, Nloc=37
iteration 15 From poincare056: count=197, remaining Mloc=194, Nloc=37
iteration 15 From poincare066: count=196, remaining Mloc=194, Nloc=37
iteration 15 From poincare024: count=189, remaining Mloc=194, Nloc=37
iteration 15 From poincare053: count=196, remaining Mloc=194, Nloc=37
iteration 15 From poincare070: count=196, remaining Mloc=194, Nloc=37
iteration 15 From poincare075: count=194, remaining Mloc=184, Nloc=37
iteration 15 From poincare027: count=200, remaining Mloc=194, Nloc=37
iteration 15 From poincare068: count=198, remaining Mloc=194, Nloc=37
iteration 15 From poincare034: count=200, remaining Mloc=194, Nloc=37
iteration 15 From poincare006: count=196, remaining Mloc=194, Nloc=37
iteration 15 From poincare028: count=191, remaining Mloc=194, Nloc=37
iteration 15 From poincare021: count=198, remaining Mloc=194, Nloc=37
iteration 15 From poincare019: count=194, remaining Mloc=194, Nloc=37
iteration 15 From poincare067: count=194, remaining Mloc=194, Nloc=37
iteration 15 From poincare018: count=190, remaining Mloc=194, Nloc=37
iteration 15 From poincare073: count=195, remaining Mloc=194, Nloc=37
iteration 15 From poincare062: count=192, remaining Mloc=194, Nloc=37
iteration 15 From poincare039: count=195, remaining Mloc=194, Nloc=37
iteration 15 From poincare061: count=196, remaining Mloc=194, Nloc=37
iteration 15 From poincare059: count=192, remaining Mloc=194, Nloc=37
iteration 15 From poincare017: count=195, remaining Mloc=194, Nloc=37
iteration 15 From poincare057: count=195, remaining Mloc=194, Nloc=37
iteration 15 From poincare010: count=192, remaining Mloc=194, Nloc=37
iteration 15 From poincare064: count=194, remaining Mloc=194, Nloc=37
iteration 15 From poincare060: count=192, remaining Mloc=194, Nloc=37
iteration 15 From poincare044: count=190, remaining Mloc=194, Nloc=37
iteration 15 From poincare072: count=196, remaining Mloc=194, Nloc=37
iteration 15: N = 37, count=9548, M=10000, prob=0.95480
iteration 15 From poincare077: count=196, remaining Mloc=194, Nloc=37
iteration 16 From poincare078: count=192, remaining Mloc=184, Nloc=33
iteration 16 From poincare025: count=190, remaining Mloc=194, Nloc=33
iteration 16 From poincare011: count=196, remaining Mloc=194, Nloc=33
iteration 16 From poincare030: count=193, remaining Mloc=194, Nloc=33
iteration 16 From poincare013: count=191, remaining Mloc=194, Nloc=33
iteration 16 From poincare022: count=190, remaining Mloc=194, Nloc=33
iteration 16 From poincare020: count=195, remaining Mloc=194, Nloc=33
iteration 16 From poincare014: count=194, remaining Mloc=194, Nloc=33
iteration 16 From poincare016: count=189, remaining Mloc=194, Nloc=33
iteration 16 From poincare033: count=196, remaining Mloc=194, Nloc=33
iteration 16 From poincare076: count=194, remaining Mloc=194, Nloc=33
iteration 16 From poincare003: count=195, remaining Mloc=194, Nloc=33
iteration 16 From poincare015: count=190, remaining Mloc=194, Nloc=33
iteration 16 From poincare071: count=190, remaining Mloc=194, Nloc=33
iteration 16 From poincare035: count=190, remaining Mloc=194, Nloc=33
iteration 16 From poincare008: count=195, remaining Mloc=194, Nloc=33
iteration 16 From poincare005: count=193, remaining Mloc=194, Nloc=33
iteration 16 From poincare065: count=193, remaining Mloc=194, Nloc=33
iteration 16 From poincare037: count=190, remaining Mloc=194, Nloc=33
iteration 16 From poincare031: count=196, remaining Mloc=194, Nloc=33
iteration 16 From poincare074: count=196, remaining Mloc=194, Nloc=33
iteration 16 From poincare056: count=196, remaining Mloc=194, Nloc=33
iteration 16 From poincare066: count=197, remaining Mloc=194, Nloc=33
iteration 16 From poincare024: count=195, remaining Mloc=194, Nloc=33
iteration 16 From poincare053: count=190, remaining Mloc=194, Nloc=33
iteration 16 From poincare070: count=192, remaining Mloc=184, Nloc=33
iteration 16 From poincare075: count=196, remaining Mloc=184, Nloc=33
iteration 16 From poincare027: count=189, remaining Mloc=194, Nloc=33
iteration 16 From poincare068: count=192, remaining Mloc=194, Nloc=33
iteration 16 From poincare034: count=196, remaining Mloc=194, Nloc=33
iteration 16 From poincare006: count=192, remaining Mloc=194, Nloc=33
iteration 16 From poincare028: count=194, remaining Mloc=194, Nloc=33
iteration 16 From poincare021: count=195, remaining Mloc=194, Nloc=33
iteration 16 From poincare067: count=195, remaining Mloc=194, Nloc=33
iteration 16 From poincare019: count=192, remaining Mloc=194, Nloc=33
iteration 16 From poincare018: count=190, remaining Mloc=194, Nloc=33
iteration 16 From poincare062: count=191, remaining Mloc=194, Nloc=33
iteration 16 From poincare073: count=198, remaining Mloc=194, Nloc=33
iteration 16 From poincare061: count=197, remaining Mloc=194, Nloc=33
iteration 16 From poincare039: count=191, remaining Mloc=194, Nloc=33
iteration 16 From poincare017: count=197, remaining Mloc=194, Nloc=33
iteration 16 From poincare010: count=193, remaining Mloc=194, Nloc=33
iteration 16 From poincare060: count=196, remaining Mloc=194, Nloc=33
iteration 16 From poincare057: count=195, remaining Mloc=194, Nloc=33
iteration 16 From poincare064: count=188, remaining Mloc=194, Nloc=33
iteration 16 From poincare059: count=187, remaining Mloc=194, Nloc=33
iteration 16 From poincare044: count=189, remaining Mloc=194, Nloc=33
iteration 16 From poincare072: count=192, remaining Mloc=194, Nloc=33
iteration 16: N = 33, count=9463, M=10000, prob=0.94630
iteration 16 From poincare077: count=196, remaining Mloc=194, Nloc=33
iteration 17 From poincare014: count=195, remaining Mloc=204, Nloc=35
iteration 17 From poincare020: count=194, remaining Mloc=204, Nloc=35
iteration 17 From poincare016: count=190, remaining Mloc=204, Nloc=35
iteration 17 From poincare033: count=199, remaining Mloc=204, Nloc=35
iteration 17 From poincare076: count=190, remaining Mloc=204, Nloc=35
iteration 17 From poincare015: count=188, remaining Mloc=204, Nloc=35
iteration 17 From poincare003: count=196, remaining Mloc=204, Nloc=35
iteration 17 From poincare035: count=191, remaining Mloc=204, Nloc=35
iteration 17 From poincare071: count=193, remaining Mloc=204, Nloc=35
iteration 17 From poincare005: count=192, remaining Mloc=204, Nloc=35
iteration 17 From poincare008: count=194, remaining Mloc=204, Nloc=35
iteration 17 From poincare037: count=193, remaining Mloc=204, Nloc=35
iteration 17 From poincare065: count=195, remaining Mloc=204, Nloc=35
iteration 17 From poincare031: count=192, remaining Mloc=204, Nloc=35
iteration 17 From poincare056: count=194, remaining Mloc=204, Nloc=35
iteration 17 From poincare066: count=194, remaining Mloc=204, Nloc=35
iteration 17 From poincare024: count=194, remaining Mloc=204, Nloc=35
iteration 17 From poincare053: count=196, remaining Mloc=204, Nloc=35
iteration 17 From poincare070: count=193, remaining Mloc=204, Nloc=35
iteration 17 From poincare027: count=194, remaining Mloc=204, Nloc=35
iteration 17 From poincare075: count=196, remaining Mloc=204, Nloc=35
iteration 17 From poincare068: count=198, remaining Mloc=204, Nloc=35
iteration 17 From poincare034: count=197, remaining Mloc=204, Nloc=35
iteration 17 From poincare028: count=191, remaining Mloc=204, Nloc=35
iteration 17 From poincare021: count=195, remaining Mloc=204, Nloc=35
iteration 17 From poincare006: count=194, remaining Mloc=204, Nloc=35
iteration 17 From poincare067: count=193, remaining Mloc=204, Nloc=35
iteration 17 From poincare019: count=192, remaining Mloc=204, Nloc=35
iteration 17 From poincare062: count=189, remaining Mloc=204, Nloc=35
iteration 17 From poincare018: count=190, remaining Mloc=204, Nloc=35
iteration 17 From poincare061: count=194, remaining Mloc=204, Nloc=35
iteration 17 From poincare073: count=197, remaining Mloc=204, Nloc=35
iteration 17 From poincare039: count=194, remaining Mloc=204, Nloc=35
iteration 17 From poincare017: count=198, remaining Mloc=204, Nloc=35
iteration 17 From poincare060: count=195, remaining Mloc=204, Nloc=35
iteration 17 From poincare010: count=192, remaining Mloc=204, Nloc=35
iteration 17 From poincare057: count=198, remaining Mloc=204, Nloc=35
iteration 17 From poincare064: count=193, remaining Mloc=204, Nloc=35
iteration 17 From poincare059: count=187, remaining Mloc=204, Nloc=35
iteration 17 From poincare044: count=191, remaining Mloc=204, Nloc=35
iteration 17 From poincare025: count=190, remaining Mloc=204, Nloc=35
iteration 17 From poincare011: count=196, remaining Mloc=204, Nloc=35
iteration 17 From poincare072: count=195, remaining Mloc=204, Nloc=35
iteration 17 From poincare078: count=195, remaining Mloc=204, Nloc=35
iteration 17 From poincare030: count=195, remaining Mloc=204, Nloc=35
iteration 17 From poincare013: count=190, remaining Mloc=204, Nloc=35
iteration 17 From poincare077: count=195, remaining Mloc=204, Nloc=35
iteration 17 From poincare022: count=190, remaining Mloc=204, Nloc=35
iteration 17: N = 35, count=9490, M=10000, prob=0.94900
iteration 17 From poincare074: count=199, remaining Mloc=204, Nloc=35
iteration 18 From poincare035: count=196, remaining Mloc=204, Nloc=36
iteration 18 From poincare071: count=197, remaining Mloc=204, Nloc=36
iteration 18 From poincare005: count=192, remaining Mloc=204, Nloc=36
iteration 18 From poincare008: count=195, remaining Mloc=204, Nloc=36
iteration 18 From poincare065: count=200, remaining Mloc=204, Nloc=36
iteration 18 From poincare037: count=195, remaining Mloc=204, Nloc=36
iteration 18 From poincare056: count=196, remaining Mloc=204, Nloc=36
iteration 18 From poincare031: count=193, remaining Mloc=204, Nloc=36
iteration 18 From poincare066: count=197, remaining Mloc=204, Nloc=36
iteration 18 From poincare024: count=189, remaining Mloc=204, Nloc=36
iteration 18 From poincare053: count=199, remaining Mloc=204, Nloc=36
iteration 18 From poincare070: count=194, remaining Mloc=204, Nloc=36
iteration 18 From poincare027: count=194, remaining Mloc=204, Nloc=36
iteration 18 From poincare075: count=194, remaining Mloc=204, Nloc=36
iteration 18 From poincare068: count=200, remaining Mloc=204, Nloc=36
iteration 18 From poincare034: count=196, remaining Mloc=204, Nloc=36
iteration 18 From poincare028: count=192, remaining Mloc=204, Nloc=36
iteration 18 From poincare021: count=194, remaining Mloc=204, Nloc=36
iteration 18 From poincare067: count=195, remaining Mloc=204, Nloc=36
iteration 18 From poincare006: count=194, remaining Mloc=204, Nloc=36
iteration 18 From poincare019: count=194, remaining Mloc=204, Nloc=36
iteration 18 From poincare062: count=189, remaining Mloc=204, Nloc=36
iteration 18 From poincare061: count=198, remaining Mloc=204, Nloc=36
iteration 18 From poincare018: count=193, remaining Mloc=204, Nloc=36
iteration 18 From poincare039: count=195, remaining Mloc=204, Nloc=36
iteration 18 From poincare060: count=195, remaining Mloc=204, Nloc=36
iteration 18 From poincare017: count=196, remaining Mloc=204, Nloc=36
iteration 18 From poincare010: count=193, remaining Mloc=204, Nloc=36
iteration 18 From poincare057: count=196, remaining Mloc=204, Nloc=36
iteration 18 From poincare064: count=189, remaining Mloc=204, Nloc=36
iteration 18 From poincare059: count=193, remaining Mloc=204, Nloc=36
iteration 18 From poincare044: count=190, remaining Mloc=204, Nloc=36
iteration 18 From poincare025: count=194, remaining Mloc=204, Nloc=36
iteration 18 From poincare011: count=190, remaining Mloc=204, Nloc=36
iteration 18 From poincare078: count=197, remaining Mloc=204, Nloc=36
iteration 18 From poincare030: count=197, remaining Mloc=204, Nloc=36
iteration 18 From poincare072: count=195, remaining Mloc=204, Nloc=36
iteration 18 From poincare077: count=198, remaining Mloc=204, Nloc=36
iteration 18 From poincare013: count=195, remaining Mloc=204, Nloc=36
iteration 18 From poincare022: count=188, remaining Mloc=204, Nloc=36
iteration 18 From poincare014: count=195, remaining Mloc=204, Nloc=36
iteration 18 From poincare016: count=189, remaining Mloc=204, Nloc=36
iteration 18 From poincare020: count=193, remaining Mloc=204, Nloc=36
iteration 18 From poincare033: count=199, remaining Mloc=204, Nloc=36
iteration 18 From poincare015: count=191, remaining Mloc=204, Nloc=36
iteration 18 From poincare076: count=193, remaining Mloc=204, Nloc=36
iteration 18 From poincare074: count=197, remaining Mloc=204, Nloc=36
iteration 18 From poincare003: count=195, remaining Mloc=204, Nloc=36
Nloc=36, Nnew=35, diff=1
iteration 18: N = 36, count=9529, M=10000, prob=0.95290
iteration 18 From poincare073: count=196, remaining Mloc=204, Nloc=36
Time: 333.404213s
The N should be at least 36
